<?xml version="1.0" encoding="UTF-8"?>
<!-- Generated by org.testng.reporters.JUnitReportReporter -->
<testsuite hostname="DESKTOP-18KB1V5" failures="0" tests="1" name="quintrix.Assignment.NewTest" time="0.033" errors="0" timestamp="2021-12-31T16:28:19 EST" skipped="0">
  <testcase classname="quintrix.Assignment.NewTest" name="f" time="0.033"/>
  <system-out/>
</testsuite> <!-- quintrix.Assignment.NewTest -->
