<?xml version="1.0" encoding="UTF-8"?>
<!-- Generated by org.testng.reporters.JUnitReportReporter -->
<testsuite hostname="DESKTOP-18KB1V5" failures="0" tests="1" name="com.QuitrixAutomation.JavaIO" time="0.087" errors="0" timestamp="2021-12-27T18:10:28 EST" skipped="0">
  <testcase classname="com.QuitrixAutomation.JavaIO" name="canReadCsvFile" time="0.087"/>
  <system-out/>
</testsuite> <!-- com.QuitrixAutomation.JavaIO -->
