<?xml version="1.0" encoding="UTF-8"?>
<!-- Generated by org.testng.reporters.JUnitReportReporter -->
<testsuite hostname="DESKTOP-18KB1V5" failures="0" tests="1" name="com.QuitrixAutomation.NewTest" time="0.031" errors="0" timestamp="2021-12-31T23:16:06 EST" skipped="0">
  <testcase classname="com.QuitrixAutomation.NewTest" name="canHydrateFromCsv" time="0.031"/>
  <system-out/>
</testsuite> <!-- com.QuitrixAutomation.NewTest -->
