<?xml version="1.0" encoding="UTF-8"?>
<!-- Generated by org.testng.reporters.JUnitReportReporter -->
<testsuite hostname="DESKTOP-18KB1V5" failures="0" tests="1" name="com.Selenium.SeleniumTest" time="7.931" errors="0" timestamp="2022-01-02T17:06:38 EST" skipped="0">
  <testcase classname="com.Selenium.SeleniumTest" name="canClickButton" time="7.931"/>
  <system-out/>
</testsuite> <!-- com.Selenium.SeleniumTest -->
