<?xml version="1.0" encoding="UTF-8"?>
<!-- Generated by org.testng.reporters.JUnitReportReporter -->
<testsuite hostname="DESKTOP-18KB1V5" failures="0" tests="2" name="com.Selenium.SeleniumTest" time="8.459" errors="0" timestamp="2021-12-28T21:27:30 EST" skipped="0">
  <testcase classname="com.Selenium.SeleniumTest" name="canLaunchWebDriver" time="4.258"/>
  <system-out/>
  <testcase classname="com.Selenium.SeleniumTest" name="canClickButton" time="4.201"/>
  <system-out/>
</testsuite> <!-- com.Selenium.SeleniumTest -->
