<?xml version="1.0" encoding="UTF-8"?>
<!-- Generated by org.testng.reporters.JUnitReportReporter -->
<testsuite hostname="DESKTOP-18KB1V5" failures="0" tests="1" name="com.Selenium.SeleniumTest" time="8.691" errors="0" timestamp="2022-01-05T22:56:28 EST" skipped="0">
  <testcase classname="com.Selenium.SeleniumTest" name="canSetDate" time="8.691"/>
  <system-out/>
</testsuite> <!-- com.Selenium.SeleniumTest -->
