<?xml version="1.0" encoding="UTF-8"?>
<!-- Generated by org.testng.reporters.JUnitReportReporter -->
<testsuite hostname="DESKTOP-18KB1V5" failures="0" tests="2" name="com.Selenium.SeleniumTest" time="8.416" errors="0" timestamp="2021-12-29T21:10:07 EST" skipped="0">
  <testcase classname="com.Selenium.SeleniumTest" name="canClickButton" time="5.396"/>
  <system-out/>
  <testcase classname="com.Selenium.SeleniumTest" name="canValidateUrl" time="3.020"/>
  <system-out/>
</testsuite> <!-- com.Selenium.SeleniumTest -->
