<?xml version="1.0" encoding="UTF-8"?>
<!-- Generated by org.testng.reporters.JUnitReportReporter -->
<testsuite hostname="DESKTOP-18KB1V5" failures="0" tests="1" name="com.review.WebDriverTests" time="0.018" errors="0" timestamp="2022-02-04T19:44:10 EST" skipped="0">
  <testcase classname="com.review.WebDriverTests" name="canLaunchBrowser" time="0.018"/>
  <system-out/>
</testsuite> <!-- com.review.WebDriverTests -->
