<?xml version="1.0" encoding="UTF-8"?>
<!-- Generated by org.testng.reporters.JUnitReportReporter -->
<testsuite hostname="DESKTOP-18KB1V5" failures="0" tests="1" name="com.review.NewTest" time="0.020" errors="0" timestamp="2022-02-06T23:32:55 EST" skipped="0">
  <testcase classname="com.review.NewTest" name="Test" time="0.020"/>
  <system-out/>
</testsuite> <!-- com.review.NewTest -->
