<?xml version="1.0" encoding="UTF-8"?>
<!-- Generated by org.testng.reporters.JUnitReportReporter -->
<testsuite hostname="DESKTOP-18KB1V5" failures="0" tests="1" name="AmpegTests" time="16.017" errors="0" timestamp="2022-02-04T21:09:04 EST" skipped="0">
  <testcase classname="AmpegTests" name="canGetArtistName" time="16.017"/>
  <system-out/>
</testsuite> <!-- AmpegTests -->
